{"d:\\development\\js\\react-native\\react-native-sample-app\\app\\AppRoot.react.js": {"path":"d:\\development\\js\\react-native\\react-native-sample-app\\app\\AppRoot.react.js","statementMap":{"0":{"start":{"line":7,"column":24},"end":{"line":7,"column":41}},"1":{"start":{"line":15,"column":4},"end":{"line":15,"column":17}},"2":{"start":{"line":16,"column":4},"end":{"line":16,"column":75}},"3":{"start":{"line":16,"column":60},"end":{"line":16,"column":73}},"4":{"start":{"line":20,"column":4},"end":{"line":32,"column":6}},"5":{"start":{"line":24,"column":29},"end":{"line":24,"column":68}},"6":{"start":{"line":25,"column":10},"end":{"line":27,"column":11}},"7":{"start":{"line":26,"column":12},"end":{"line":26,"column":83}}},"fnMap":{"0":{"name":"(anonymous_0)","decl":{"start":{"line":14,"column":2},"end":{"line":14,"column":3}},"loc":{"start":{"line":14,"column":21},"end":{"line":17,"column":3}}},"1":{"name":"(anonymous_1)","decl":{"start":{"line":16,"column":54},"end":{"line":16,"column":55}},"loc":{"start":{"line":16,"column":60},"end":{"line":16,"column":73}}},"2":{"name":"(anonymous_2)","decl":{"start":{"line":19,"column":2},"end":{"line":19,"column":3}},"loc":{"start":{"line":19,"column":11},"end":{"line":33,"column":3}}},"3":{"name":"(anonymous_3)","decl":{"start":{"line":23,"column":42},"end":{"line":23,"column":43}},"loc":{"start":{"line":23,"column":49},"end":{"line":28,"column":9}}}},"branchMap":{"0":{"loc":{"start":{"line":25,"column":10},"end":{"line":27,"column":11}},"type":"if","locations":[{"start":{"line":25,"column":10},"end":{"line":27,"column":11}},{"start":{"line":25,"column":10},"end":{"line":27,"column":11}}]},"1":{"loc":{"start":{"line":25,"column":14},"end":{"line":25,"column":71}},"type":"binary-expr","locations":[{"start":{"line":25,"column":14},"end":{"line":25,"column":32}},{"start":{"line":25,"column":36},"end":{"line":25,"column":71}}]}},"s":{"0":2,"1":2,"2":2,"3":0,"4":2,"5":0,"6":0,"7":0},"f":{"0":2,"1":0,"2":2,"3":0},"b":{"0":[0,0],"1":[0,0]},"_coverageSchema":"332fd63041d2c1bcb487cc26dd0d5f7d97098a6c","hash":"49d583902addd0dc24599ef060ef44a11cbc677c"}
,"d:\\development\\js\\react-native\\react-native-sample-app\\app\\index.js": {"path":"d:\\development\\js\\react-native\\react-native-sample-app\\app\\index.js","statementMap":{"0":{"start":{"line":9,"column":14},"end":{"line":9,"column":30}},"1":{"start":{"line":13,"column":4},"end":{"line":13,"column":17}},"2":{"start":{"line":14,"column":4},"end":{"line":16,"column":5}},"3":{"start":{"line":15,"column":6},"end":{"line":15,"column":60}},"4":{"start":{"line":20,"column":4},"end":{"line":24,"column":6}}},"fnMap":{"0":{"name":"(anonymous_0)","decl":{"start":{"line":12,"column":2},"end":{"line":12,"column":3}},"loc":{"start":{"line":12,"column":21},"end":{"line":17,"column":3}}},"1":{"name":"(anonymous_1)","decl":{"start":{"line":19,"column":2},"end":{"line":19,"column":3}},"loc":{"start":{"line":19,"column":11},"end":{"line":25,"column":3}}}},"branchMap":{"0":{"loc":{"start":{"line":14,"column":4},"end":{"line":16,"column":5}},"type":"if","locations":[{"start":{"line":14,"column":4},"end":{"line":16,"column":5}},{"start":{"line":14,"column":4},"end":{"line":16,"column":5}}]}},"s":{"0":1,"1":1,"2":1,"3":0,"4":1},"f":{"0":1,"1":1},"b":{"0":[0,1]},"_coverageSchema":"332fd63041d2c1bcb487cc26dd0d5f7d97098a6c","hash":"4cc0351d7376b34bb050a4736cd11737358cf0fa"}
,"d:\\development\\js\\react-native\\react-native-sample-app\\app\\scenes.js": {"path":"d:\\development\\js\\react-native\\react-native-sample-app\\app\\scenes.js","statementMap":{"0":{"start":{"line":12,"column":15},"end":{"line":47,"column":1}}},"fnMap":{},"branchMap":{},"s":{"0":2},"f":{},"b":{},"_coverageSchema":"332fd63041d2c1bcb487cc26dd0d5f7d97098a6c","hash":"37ba01a149fded9eb758ad22110c7ca840a96250"}
,"d:\\development\\js\\react-native\\react-native-sample-app\\app\\urls.js": {"path":"d:\\development\\js\\react-native\\react-native-sample-app\\app\\urls.js","statementMap":{"0":{"start":{"line":1,"column":27},"end":{"line":1,"column":53}},"1":{"start":{"line":2,"column":30},"end":{"line":2,"column":48}}},"fnMap":{},"branchMap":{},"s":{"0":6,"1":6},"f":{},"b":{},"_coverageSchema":"332fd63041d2c1bcb487cc26dd0d5f7d97098a6c","hash":"e71433e5c2575844fd1ea4d4ec2557a8f6fc50ff"}
,"d:\\development\\js\\react-native\\react-native-sample-app\\app\\components\\Button.react.js": {"path":"d:\\development\\js\\react-native\\react-native-sample-app\\app\\components\\Button.react.js","statementMap":{"0":{"start":{"line":10,"column":18},"end":{"line":16,"column":1}},"1":{"start":{"line":18,"column":15},"end":{"line":31,"column":2}},"2":{"start":{"line":33,"column":15},"end":{"line":43,"column":1}},"3":{"start":{"line":34,"column":2},"end":{"line":42,"column":21}},"4":{"start":{"line":45,"column":0},"end":{"line":45,"column":29}}},"fnMap":{"0":{"name":"(anonymous_0)","decl":{"start":{"line":33,"column":15},"end":{"line":33,"column":16}},"loc":{"start":{"line":34,"column":2},"end":{"line":42,"column":21}}}},"branchMap":{"0":{"loc":{"start":{"line":37,"column":8},"end":{"line":39,"column":90}},"type":"cond-expr","locations":[{"start":{"line":38,"column":10},"end":{"line":38,"column":68}},{"start":{"line":39,"column":10},"end":{"line":39,"column":90}}]}},"s":{"0":6,"1":6,"2":6,"3":7,"4":6},"f":{"0":7},"b":{"0":[6,1]},"_coverageSchema":"332fd63041d2c1bcb487cc26dd0d5f7d97098a6c","hash":"bd63090d7e5de24dba551a9b75ef785756e4ef0f"}
,"d:\\development\\js\\react-native\\react-native-sample-app\\app\\components\\InputField.react.js": {"path":"d:\\development\\js\\react-native\\react-native-sample-app\\app\\components\\InputField.react.js","statementMap":{"0":{"start":{"line":6,"column":18},"end":{"line":12,"column":1}},"1":{"start":{"line":14,"column":15},"end":{"line":38,"column":2}},"2":{"start":{"line":40,"column":19},"end":{"line":58,"column":1}},"3":{"start":{"line":41,"column":21},"end":{"line":41,"column":85}},"4":{"start":{"line":42,"column":2},"end":{"line":57,"column":4}},"5":{"start":{"line":60,"column":0},"end":{"line":60,"column":33}}},"fnMap":{"0":{"name":"(anonymous_0)","decl":{"start":{"line":40,"column":19},"end":{"line":40,"column":20}},"loc":{"start":{"line":40,"column":89},"end":{"line":58,"column":1}}}},"branchMap":{"0":{"loc":{"start":{"line":41,"column":21},"end":{"line":41,"column":85}},"type":"cond-expr","locations":[{"start":{"line":41,"column":41},"end":{"line":41,"column":58}},{"start":{"line":41,"column":61},"end":{"line":41,"column":85}}]},"1":{"loc":{"start":{"line":41,"column":22},"end":{"line":41,"column":37}},"type":"binary-expr","locations":[{"start":{"line":41,"column":22},"end":{"line":41,"column":27}},{"start":{"line":41,"column":31},"end":{"line":41,"column":37}}]}},"s":{"0":4,"1":4,"2":4,"3":6,"4":6,"5":4},"f":{"0":6},"b":{"0":[1,5],"1":[6,1]},"_coverageSchema":"332fd63041d2c1bcb487cc26dd0d5f7d97098a6c","hash":"431d39735b459f69c013d95e8232dc25cef6ed8d"}
,"d:\\development\\js\\react-native\\react-native-sample-app\\app\\components\\TabIcon.react.js": {"path":"d:\\development\\js\\react-native\\react-native-sample-app\\app\\components\\TabIcon.react.js","statementMap":{"0":{"start":{"line":8,"column":18},"end":{"line":11,"column":1}},"1":{"start":{"line":13,"column":15},"end":{"line":23,"column":2}},"2":{"start":{"line":25,"column":16},"end":{"line":29,"column":1}},"3":{"start":{"line":26,"column":2},"end":{"line":28,"column":9}},"4":{"start":{"line":31,"column":0},"end":{"line":31,"column":30}}},"fnMap":{"0":{"name":"(anonymous_0)","decl":{"start":{"line":25,"column":16},"end":{"line":25,"column":17}},"loc":{"start":{"line":26,"column":2},"end":{"line":28,"column":9}}}},"branchMap":{"0":{"loc":{"start":{"line":26,"column":60},"end":{"line":26,"column":87}},"type":"cond-expr","locations":[{"start":{"line":26,"column":71},"end":{"line":26,"column":77}},{"start":{"line":26,"column":80},"end":{"line":26,"column":87}}]},"1":{"loc":{"start":{"line":27,"column":26},"end":{"line":27,"column":54}},"type":"cond-expr","locations":[{"start":{"line":27,"column":37},"end":{"line":27,"column":44}},{"start":{"line":27,"column":47},"end":{"line":27,"column":54}}]}},"s":{"0":3,"1":3,"2":3,"3":2,"4":3},"f":{"0":2},"b":{"0":[1,1],"1":[1,1]},"_coverageSchema":"332fd63041d2c1bcb487cc26dd0d5f7d97098a6c","hash":"28b0234a4e103dc52f49067165f63a15669e5ae5"}
,"d:\\development\\js\\react-native\\react-native-sample-app\\app\\components\\forms\\LoginForm.react.js": {"path":"d:\\development\\js\\react-native\\react-native-sample-app\\app\\components\\forms\\LoginForm.react.js","statementMap":{"0":{"start":{"line":17,"column":18},"end":{"line":22,"column":1}},"1":{"start":{"line":24,"column":15},"end":{"line":50,"column":2}},"2":{"start":{"line":52,"column":20},"end":{"line":60,"column":4}},"3":{"start":{"line":53,"column":2},"end":{"line":60,"column":4}},"4":{"start":{"line":62,"column":28},"end":{"line":71,"column":4}},"5":{"start":{"line":63,"column":2},"end":{"line":71,"column":4}},"6":{"start":{"line":73,"column":15},"end":{"line":84,"column":1}},"7":{"start":{"line":74,"column":2},"end":{"line":83,"column":3}},"8":{"start":{"line":75,"column":21},"end":{"line":75,"column":76}},"9":{"start":{"line":76,"column":4},"end":{"line":76,"column":53}},"10":{"start":{"line":76,"column":24},"end":{"line":76,"column":53}},"11":{"start":{"line":77,"column":4},"end":{"line":77,"column":68}},"12":{"start":{"line":78,"column":4},"end":{"line":78,"column":54}},"13":{"start":{"line":79,"column":4},"end":{"line":79,"column":25}},"14":{"start":{"line":82,"column":4},"end":{"line":82,"column":47}},"15":{"start":{"line":88,"column":4},"end":{"line":88,"column":29}},"16":{"start":{"line":92,"column":62},"end":{"line":92,"column":72}},"17":{"start":{"line":93,"column":4},"end":{"line":117,"column":6}},"18":{"start":{"line":120,"column":0},"end":{"line":120,"column":32}},"19":{"start":{"line":122,"column":17},"end":{"line":127,"column":1}},"20":{"start":{"line":123,"column":17},"end":{"line":123,"column":19}},"21":{"start":{"line":124,"column":2},"end":{"line":124,"column":59}},"22":{"start":{"line":124,"column":24},"end":{"line":124,"column":59}},"23":{"start":{"line":125,"column":2},"end":{"line":125,"column":59}},"24":{"start":{"line":125,"column":24},"end":{"line":125,"column":59}},"25":{"start":{"line":126,"column":2},"end":{"line":126,"column":16}}},"fnMap":{"0":{"name":"(anonymous_0)","decl":{"start":{"line":52,"column":20},"end":{"line":52,"column":21}},"loc":{"start":{"line":53,"column":2},"end":{"line":60,"column":4}}},"1":{"name":"(anonymous_1)","decl":{"start":{"line":62,"column":28},"end":{"line":62,"column":29}},"loc":{"start":{"line":63,"column":2},"end":{"line":71,"column":4}}},"2":{"name":"(anonymous_2)","decl":{"start":{"line":73,"column":15},"end":{"line":73,"column":16}},"loc":{"start":{"line":73,"column":43},"end":{"line":84,"column":1}}},"3":{"name":"(anonymous_3)","decl":{"start":{"line":87,"column":2},"end":{"line":87,"column":3}},"loc":{"start":{"line":87,"column":24},"end":{"line":89,"column":3}}},"4":{"name":"(anonymous_4)","decl":{"start":{"line":91,"column":2},"end":{"line":91,"column":3}},"loc":{"start":{"line":91,"column":11},"end":{"line":118,"column":3}}},"5":{"name":"(anonymous_5)","decl":{"start":{"line":122,"column":17},"end":{"line":122,"column":18}},"loc":{"start":{"line":122,"column":36},"end":{"line":127,"column":1}}}},"branchMap":{"0":{"loc":{"start":{"line":59,"column":20},"end":{"line":59,"column":80}},"type":"cond-expr","locations":[{"start":{"line":59,"column":49},"end":{"line":59,"column":75}},{"start":{"line":59,"column":78},"end":{"line":59,"column":80}}]},"1":{"loc":{"start":{"line":59,"column":20},"end":{"line":59,"column":46}},"type":"binary-expr","locations":[{"start":{"line":59,"column":20},"end":{"line":59,"column":30}},{"start":{"line":59,"column":34},"end":{"line":59,"column":46}}]},"2":{"loc":{"start":{"line":70,"column":20},"end":{"line":70,"column":80}},"type":"cond-expr","locations":[{"start":{"line":70,"column":49},"end":{"line":70,"column":75}},{"start":{"line":70,"column":78},"end":{"line":70,"column":80}}]},"3":{"loc":{"start":{"line":70,"column":20},"end":{"line":70,"column":46}},"type":"binary-expr","locations":[{"start":{"line":70,"column":20},"end":{"line":70,"column":30}},{"start":{"line":70,"column":34},"end":{"line":70,"column":46}}]},"4":{"loc":{"start":{"line":76,"column":4},"end":{"line":76,"column":53}},"type":"if","locations":[{"start":{"line":76,"column":4},"end":{"line":76,"column":53}},{"start":{"line":76,"column":4},"end":{"line":76,"column":53}}]},"5":{"loc":{"start":{"line":112,"column":12},"end":{"line":113,"column":18}},"type":"cond-expr","locations":[{"start":{"line":112,"column":36},"end":{"line":112,"column":96}},{"start":{"line":113,"column":14},"end":{"line":113,"column":18}}]},"6":{"loc":{"start":{"line":112,"column":12},"end":{"line":112,"column":33}},"type":"binary-expr","locations":[{"start":{"line":112,"column":12},"end":{"line":112,"column":24}},{"start":{"line":112,"column":28},"end":{"line":112,"column":33}}]},"7":{"loc":{"start":{"line":124,"column":2},"end":{"line":124,"column":59}},"type":"if","locations":[{"start":{"line":124,"column":2},"end":{"line":124,"column":59}},{"start":{"line":124,"column":2},"end":{"line":124,"column":59}}]},"8":{"loc":{"start":{"line":125,"column":2},"end":{"line":125,"column":59}},"type":"if","locations":[{"start":{"line":125,"column":2},"end":{"line":125,"column":59}},{"start":{"line":125,"column":2},"end":{"line":125,"column":59}}]}},"s":{"0":3,"1":3,"2":3,"3":2,"4":3,"5":2,"6":3,"7":0,"8":0,"9":0,"10":0,"11":0,"12":0,"13":0,"14":0,"15":0,"16":2,"17":2,"18":3,"19":3,"20":2,"21":2,"22":2,"23":2,"24":2,"25":2},"f":{"0":2,"1":2,"2":0,"3":0,"4":2,"5":2},"b":{"0":[0,2],"1":[2,0],"2":[0,2],"3":[2,0],"4":[0,0],"5":[0,2],"6":[2,0],"7":[2,0],"8":[2,0]},"_coverageSchema":"332fd63041d2c1bcb487cc26dd0d5f7d97098a6c","hash":"b94dcff24e43145235e7c405793e280252e1a1f7"}
,"d:\\development\\js\\react-native\\react-native-sample-app\\app\\containers\\authentication\\actions.js": {"path":"d:\\development\\js\\react-native\\react-native-sample-app\\app\\containers\\authentication\\actions.js","statementMap":{"0":{"start":{"line":5,"column":21},"end":{"line":13,"column":4}},"1":{"start":{"line":5,"column":45},"end":{"line":13,"column":4}},"2":{"start":{"line":6,"column":2},"end":{"line":13,"column":4}},"3":{"start":{"line":15,"column":22},"end":{"line":18,"column":4}},"4":{"start":{"line":15,"column":28},"end":{"line":18,"column":4}},"5":{"start":{"line":16,"column":2},"end":{"line":18,"column":4}},"6":{"start":{"line":20,"column":25},"end":{"line":27,"column":4}},"7":{"start":{"line":20,"column":40},"end":{"line":27,"column":4}},"8":{"start":{"line":21,"column":2},"end":{"line":27,"column":4}}},"fnMap":{"0":{"name":"(anonymous_0)","decl":{"start":{"line":5,"column":21},"end":{"line":5,"column":22}},"loc":{"start":{"line":5,"column":45},"end":{"line":13,"column":4}}},"1":{"name":"(anonymous_1)","decl":{"start":{"line":5,"column":45},"end":{"line":5,"column":46}},"loc":{"start":{"line":6,"column":2},"end":{"line":13,"column":4}}},"2":{"name":"(anonymous_2)","decl":{"start":{"line":15,"column":22},"end":{"line":15,"column":23}},"loc":{"start":{"line":15,"column":28},"end":{"line":18,"column":4}}},"3":{"name":"(anonymous_3)","decl":{"start":{"line":15,"column":28},"end":{"line":15,"column":29}},"loc":{"start":{"line":16,"column":2},"end":{"line":18,"column":4}}},"4":{"name":"(anonymous_4)","decl":{"start":{"line":20,"column":25},"end":{"line":20,"column":26}},"loc":{"start":{"line":20,"column":40},"end":{"line":27,"column":4}}},"5":{"name":"(anonymous_5)","decl":{"start":{"line":20,"column":40},"end":{"line":20,"column":41}},"loc":{"start":{"line":21,"column":2},"end":{"line":27,"column":4}}}},"branchMap":{"0":{"loc":{"start":{"line":20,"column":26},"end":{"line":20,"column":35}},"type":"default-arg","locations":[{"start":{"line":20,"column":34},"end":{"line":20,"column":35}}]}},"s":{"0":6,"1":0,"2":0,"3":6,"4":0,"5":0,"6":6,"7":0,"8":0},"f":{"0":0,"1":0,"2":0,"3":0,"4":0,"5":0},"b":{"0":[0]},"_coverageSchema":"332fd63041d2c1bcb487cc26dd0d5f7d97098a6c","hash":"c7a4c4114fa32b9ce4eb037a463be4f3c886cc1c"}
,"d:\\development\\js\\react-native\\react-native-sample-app\\app\\containers\\authentication\\constants.js": {"path":"d:\\development\\js\\react-native\\react-native-sample-app\\app\\containers\\authentication\\constants.js","statementMap":{"0":{"start":{"line":1,"column":27},"end":{"line":1,"column":40}},"1":{"start":{"line":2,"column":29},"end":{"line":2,"column":44}},"2":{"start":{"line":3,"column":27},"end":{"line":3,"column":40}},"3":{"start":{"line":5,"column":32},"end":{"line":5,"column":50}},"4":{"start":{"line":6,"column":34},"end":{"line":6,"column":54}},"5":{"start":{"line":7,"column":32},"end":{"line":7,"column":50}}},"fnMap":{},"branchMap":{},"s":{"0":6,"1":6,"2":6,"3":6,"4":6,"5":6},"f":{},"b":{},"_coverageSchema":"332fd63041d2c1bcb487cc26dd0d5f7d97098a6c","hash":"fff8459f2bb635136f3b8d42ef7186c4451075c6"}
,"d:\\development\\js\\react-native\\react-native-sample-app\\app\\containers\\authentication\\reducer.js": {"path":"d:\\development\\js\\react-native\\react-native-sample-app\\app\\containers\\authentication\\reducer.js","statementMap":{"0":{"start":{"line":3,"column":21},"end":{"line":4,"column":2}},"1":{"start":{"line":6,"column":21},"end":{"line":6,"column":39}},"2":{"start":{"line":9,"column":2},"end":{"line":12,"column":3}},"3":{"start":{"line":11,"column":6},"end":{"line":11,"column":19}}},"fnMap":{"0":{"name":"(anonymous_0)","decl":{"start":{"line":8,"column":15},"end":{"line":8,"column":16}},"loc":{"start":{"line":8,"column":49},"end":{"line":13,"column":1}}}},"branchMap":{"0":{"loc":{"start":{"line":8,"column":16},"end":{"line":8,"column":36}},"type":"default-arg","locations":[{"start":{"line":8,"column":24},"end":{"line":8,"column":36}}]},"1":{"loc":{"start":{"line":9,"column":2},"end":{"line":12,"column":3}},"type":"switch","locations":[{"start":{"line":10,"column":4},"end":{"line":11,"column":19}}]}},"s":{"0":2,"1":2,"2":8,"3":8},"f":{"0":8},"b":{"0":[6],"1":[8]},"_coverageSchema":"332fd63041d2c1bcb487cc26dd0d5f7d97098a6c","hash":"60e6989fa8008ac07f6a3402f39ef5a532b7f06d"}
,"d:\\development\\js\\react-native\\react-native-sample-app\\app\\containers\\authentication\\login\\Login.react.js": {"path":"d:\\development\\js\\react-native\\react-native-sample-app\\app\\containers\\authentication\\login\\Login.react.js","statementMap":{"0":{"start":{"line":15,"column":15},"end":{"line":27,"column":2}},"1":{"start":{"line":29,"column":18},"end":{"line":30,"column":1}},"2":{"start":{"line":32,"column":21},"end":{"line":34,"column":1}},"3":{"start":{"line":38,"column":4},"end":{"line":38,"column":29}},"4":{"start":{"line":42,"column":4},"end":{"line":47,"column":6}},"5":{"start":{"line":51,"column":0},"end":{"line":51,"column":28}},"6":{"start":{"line":52,"column":0},"end":{"line":52,"column":34}},"7":{"start":{"line":54,"column":21},"end":{"line":56,"column":2}},"8":{"start":{"line":54,"column":31},"end":{"line":56,"column":1}},"9":{"start":{"line":58,"column":24},"end":{"line":63,"column":1}},"10":{"start":{"line":59,"column":2},"end":{"line":62,"column":14}}},"fnMap":{"0":{"name":"(anonymous_0)","decl":{"start":{"line":37,"column":2},"end":{"line":37,"column":3}},"loc":{"start":{"line":37,"column":24},"end":{"line":39,"column":3}}},"1":{"name":"(anonymous_1)","decl":{"start":{"line":41,"column":2},"end":{"line":41,"column":3}},"loc":{"start":{"line":41,"column":11},"end":{"line":48,"column":3}}},"2":{"name":"(anonymous_2)","decl":{"start":{"line":54,"column":21},"end":{"line":54,"column":22}},"loc":{"start":{"line":54,"column":31},"end":{"line":56,"column":1}}},"3":{"name":"(anonymous_3)","decl":{"start":{"line":58,"column":24},"end":{"line":58,"column":25}},"loc":{"start":{"line":59,"column":2},"end":{"line":62,"column":14}}}},"branchMap":{},"s":{"0":3,"1":3,"2":3,"3":0,"4":1,"5":3,"6":3,"7":3,"8":0,"9":3,"10":0},"f":{"0":0,"1":1,"2":0,"3":0},"b":{},"_coverageSchema":"332fd63041d2c1bcb487cc26dd0d5f7d97098a6c","hash":"46dcc6470fa84db9b01b75751a0a2e18b2d9c406"}
,"d:\\development\\js\\react-native\\react-native-sample-app\\app\\containers\\home\\Home.react.js": {"path":"d:\\development\\js\\react-native\\react-native-sample-app\\app\\containers\\home\\Home.react.js","statementMap":{"0":{"start":{"line":15,"column":15},"end":{"line":34,"column":2}},"1":{"start":{"line":36,"column":18},"end":{"line":40,"column":1}},"2":{"start":{"line":42,"column":21},"end":{"line":44,"column":1}},"3":{"start":{"line":48,"column":4},"end":{"line":48,"column":17}},"4":{"start":{"line":49,"column":4},"end":{"line":49,"column":43}},"5":{"start":{"line":53,"column":4},"end":{"line":53,"column":42}},"6":{"start":{"line":57,"column":28},"end":{"line":57,"column":38}},"7":{"start":{"line":58,"column":4},"end":{"line":68,"column":6}},"8":{"start":{"line":72,"column":0},"end":{"line":72,"column":27}},"9":{"start":{"line":73,"column":0},"end":{"line":73,"column":33}},"10":{"start":{"line":75,"column":21},"end":{"line":77,"column":2}},"11":{"start":{"line":75,"column":31},"end":{"line":77,"column":1}},"12":{"start":{"line":79,"column":24},"end":{"line":83,"column":1}},"13":{"start":{"line":80,"column":2},"end":{"line":82,"column":14}}},"fnMap":{"0":{"name":"(anonymous_0)","decl":{"start":{"line":47,"column":2},"end":{"line":47,"column":3}},"loc":{"start":{"line":47,"column":21},"end":{"line":50,"column":3}}},"1":{"name":"(anonymous_1)","decl":{"start":{"line":52,"column":2},"end":{"line":52,"column":3}},"loc":{"start":{"line":52,"column":12},"end":{"line":54,"column":3}}},"2":{"name":"(anonymous_2)","decl":{"start":{"line":56,"column":2},"end":{"line":56,"column":3}},"loc":{"start":{"line":56,"column":11},"end":{"line":69,"column":3}}},"3":{"name":"(anonymous_3)","decl":{"start":{"line":75,"column":21},"end":{"line":75,"column":22}},"loc":{"start":{"line":75,"column":31},"end":{"line":77,"column":1}}},"4":{"name":"(anonymous_4)","decl":{"start":{"line":79,"column":24},"end":{"line":79,"column":25}},"loc":{"start":{"line":80,"column":2},"end":{"line":82,"column":14}}}},"branchMap":{},"s":{"0":3,"1":3,"2":3,"3":1,"4":1,"5":0,"6":1,"7":1,"8":3,"9":3,"10":3,"11":0,"12":3,"13":0},"f":{"0":1,"1":0,"2":1,"3":0,"4":0},"b":{},"_coverageSchema":"332fd63041d2c1bcb487cc26dd0d5f7d97098a6c","hash":"2305b608df7d4ebadeb7598bbcc786448d00463d"}
,"d:\\development\\js\\react-native\\react-native-sample-app\\app\\containers\\home\\actions.js": {"path":"d:\\development\\js\\react-native\\react-native-sample-app\\app\\containers\\home\\actions.js","statementMap":{"0":{"start":{"line":1,"column":24},"end":{"line":5,"column":4}},"1":{"start":{"line":1,"column":33},"end":{"line":5,"column":4}},"2":{"start":{"line":2,"column":2},"end":{"line":5,"column":4}},"3":{"start":{"line":7,"column":42},"end":{"line":11,"column":4}},"4":{"start":{"line":8,"column":3},"end":{"line":11,"column":3}}},"fnMap":{"0":{"name":"(anonymous_0)","decl":{"start":{"line":1,"column":24},"end":{"line":1,"column":25}},"loc":{"start":{"line":1,"column":33},"end":{"line":5,"column":4}}},"1":{"name":"(anonymous_1)","decl":{"start":{"line":1,"column":33},"end":{"line":1,"column":34}},"loc":{"start":{"line":2,"column":2},"end":{"line":5,"column":4}}},"2":{"name":"(anonymous_2)","decl":{"start":{"line":7,"column":42},"end":{"line":7,"column":43}},"loc":{"start":{"line":8,"column":3},"end":{"line":11,"column":3}}}},"branchMap":{},"s":{"0":3,"1":0,"2":0,"3":3,"4":0},"f":{"0":0,"1":0,"2":0},"b":{},"_coverageSchema":"332fd63041d2c1bcb487cc26dd0d5f7d97098a6c","hash":"7f5a5113990511bfa88658e6294b87a6bf82d822"}
,"d:\\development\\js\\react-native\\react-native-sample-app\\app\\containers\\home\\reducer.js": {"path":"d:\\development\\js\\react-native\\react-native-sample-app\\app\\containers\\home\\reducer.js","statementMap":{"0":{"start":{"line":3,"column":21},"end":{"line":5,"column":2}},"1":{"start":{"line":7,"column":21},"end":{"line":7,"column":39}},"2":{"start":{"line":10,"column":2},"end":{"line":15,"column":3}},"3":{"start":{"line":12,"column":6},"end":{"line":12,"column":46}},"4":{"start":{"line":14,"column":6},"end":{"line":14,"column":19}}},"fnMap":{"0":{"name":"(anonymous_0)","decl":{"start":{"line":9,"column":15},"end":{"line":9,"column":16}},"loc":{"start":{"line":9,"column":49},"end":{"line":16,"column":1}}}},"branchMap":{"0":{"loc":{"start":{"line":9,"column":16},"end":{"line":9,"column":36}},"type":"default-arg","locations":[{"start":{"line":9,"column":24},"end":{"line":9,"column":36}}]},"1":{"loc":{"start":{"line":10,"column":2},"end":{"line":15,"column":3}},"type":"switch","locations":[{"start":{"line":11,"column":4},"end":{"line":12,"column":46}},{"start":{"line":13,"column":4},"end":{"line":14,"column":19}}]}},"s":{"0":2,"1":2,"2":8,"3":0,"4":8},"f":{"0":8},"b":{"0":[6],"1":[0,8]},"_coverageSchema":"332fd63041d2c1bcb487cc26dd0d5f7d97098a6c","hash":"b06dd685fb934394e90d35ff92880d4cb5c02ffe"}
,"d:\\development\\js\\react-native\\react-native-sample-app\\app\\containers\\profile\\Profile.react.js": {"path":"d:\\development\\js\\react-native\\react-native-sample-app\\app\\containers\\profile\\Profile.react.js","statementMap":{"0":{"start":{"line":17,"column":15},"end":{"line":39,"column":2}},"1":{"start":{"line":41,"column":18},"end":{"line":46,"column":1}},"2":{"start":{"line":48,"column":21},"end":{"line":50,"column":1}},"3":{"start":{"line":54,"column":4},"end":{"line":54,"column":17}},"4":{"start":{"line":55,"column":4},"end":{"line":55,"column":43}},"5":{"start":{"line":56,"column":4},"end":{"line":56,"column":55}},"6":{"start":{"line":60,"column":4},"end":{"line":60,"column":45}},"7":{"start":{"line":64,"column":23},"end":{"line":64,"column":33}},"8":{"start":{"line":65,"column":4},"end":{"line":65,"column":13}},"9":{"start":{"line":66,"column":4},"end":{"line":66,"column":50}},"10":{"start":{"line":67,"column":4},"end":{"line":67,"column":29}},"11":{"start":{"line":71,"column":28},"end":{"line":71,"column":38}},"12":{"start":{"line":72,"column":4},"end":{"line":88,"column":6}},"13":{"start":{"line":92,"column":0},"end":{"line":92,"column":30}},"14":{"start":{"line":93,"column":0},"end":{"line":93,"column":36}},"15":{"start":{"line":95,"column":21},"end":{"line":97,"column":2}},"16":{"start":{"line":95,"column":31},"end":{"line":97,"column":1}},"17":{"start":{"line":99,"column":24},"end":{"line":104,"column":1}},"18":{"start":{"line":100,"column":2},"end":{"line":103,"column":14}}},"fnMap":{"0":{"name":"(anonymous_0)","decl":{"start":{"line":53,"column":2},"end":{"line":53,"column":3}},"loc":{"start":{"line":53,"column":21},"end":{"line":57,"column":3}}},"1":{"name":"(anonymous_1)","decl":{"start":{"line":59,"column":2},"end":{"line":59,"column":3}},"loc":{"start":{"line":59,"column":12},"end":{"line":61,"column":3}}},"2":{"name":"(anonymous_2)","decl":{"start":{"line":63,"column":2},"end":{"line":63,"column":3}},"loc":{"start":{"line":63,"column":24},"end":{"line":68,"column":3}}},"3":{"name":"(anonymous_3)","decl":{"start":{"line":70,"column":2},"end":{"line":70,"column":3}},"loc":{"start":{"line":70,"column":11},"end":{"line":89,"column":3}}},"4":{"name":"(anonymous_4)","decl":{"start":{"line":95,"column":21},"end":{"line":95,"column":22}},"loc":{"start":{"line":95,"column":31},"end":{"line":97,"column":1}}},"5":{"name":"(anonymous_5)","decl":{"start":{"line":99,"column":24},"end":{"line":99,"column":25}},"loc":{"start":{"line":100,"column":2},"end":{"line":103,"column":14}}}},"branchMap":{},"s":{"0":3,"1":3,"2":3,"3":1,"4":1,"5":1,"6":0,"7":0,"8":0,"9":0,"10":0,"11":1,"12":1,"13":3,"14":3,"15":3,"16":0,"17":3,"18":0},"f":{"0":1,"1":0,"2":0,"3":1,"4":0,"5":0},"b":{},"_coverageSchema":"332fd63041d2c1bcb487cc26dd0d5f7d97098a6c","hash":"a81864ab4a180d21f6535520d1a602afd10dfb07"}
,"d:\\development\\js\\react-native\\react-native-sample-app\\app\\containers\\profile\\actions.js": {"path":"d:\\development\\js\\react-native\\react-native-sample-app\\app\\containers\\profile\\actions.js","statementMap":{"0":{"start":{"line":1,"column":24},"end":{"line":5,"column":4}},"1":{"start":{"line":1,"column":33},"end":{"line":5,"column":4}},"2":{"start":{"line":2,"column":2},"end":{"line":5,"column":4}},"3":{"start":{"line":7,"column":42},"end":{"line":11,"column":4}},"4":{"start":{"line":8,"column":3},"end":{"line":11,"column":3}}},"fnMap":{"0":{"name":"(anonymous_0)","decl":{"start":{"line":1,"column":24},"end":{"line":1,"column":25}},"loc":{"start":{"line":1,"column":33},"end":{"line":5,"column":4}}},"1":{"name":"(anonymous_1)","decl":{"start":{"line":1,"column":33},"end":{"line":1,"column":34}},"loc":{"start":{"line":2,"column":2},"end":{"line":5,"column":4}}},"2":{"name":"(anonymous_2)","decl":{"start":{"line":7,"column":42},"end":{"line":7,"column":43}},"loc":{"start":{"line":8,"column":3},"end":{"line":11,"column":3}}}},"branchMap":{},"s":{"0":3,"1":0,"2":0,"3":3,"4":0},"f":{"0":0,"1":0,"2":0},"b":{},"_coverageSchema":"332fd63041d2c1bcb487cc26dd0d5f7d97098a6c","hash":"d78a44e40a9ce14e557bc8a4155f2c06b71b8eb2"}
,"d:\\development\\js\\react-native\\react-native-sample-app\\app\\containers\\profile\\reducer.js": {"path":"d:\\development\\js\\react-native\\react-native-sample-app\\app\\containers\\profile\\reducer.js","statementMap":{"0":{"start":{"line":4,"column":21},"end":{"line":8,"column":2}},"1":{"start":{"line":10,"column":21},"end":{"line":10,"column":39}},"2":{"start":{"line":13,"column":2},"end":{"line":20,"column":3}},"3":{"start":{"line":15,"column":6},"end":{"line":15,"column":46}},"4":{"start":{"line":17,"column":6},"end":{"line":17,"column":99}},"5":{"start":{"line":19,"column":6},"end":{"line":19,"column":19}}},"fnMap":{"0":{"name":"(anonymous_0)","decl":{"start":{"line":12,"column":15},"end":{"line":12,"column":16}},"loc":{"start":{"line":12,"column":49},"end":{"line":21,"column":1}}}},"branchMap":{"0":{"loc":{"start":{"line":12,"column":16},"end":{"line":12,"column":36}},"type":"default-arg","locations":[{"start":{"line":12,"column":24},"end":{"line":12,"column":36}}]},"1":{"loc":{"start":{"line":13,"column":2},"end":{"line":20,"column":3}},"type":"switch","locations":[{"start":{"line":14,"column":4},"end":{"line":15,"column":46}},{"start":{"line":16,"column":4},"end":{"line":17,"column":99}},{"start":{"line":18,"column":4},"end":{"line":19,"column":19}}]}},"s":{"0":2,"1":2,"2":8,"3":0,"4":0,"5":8},"f":{"0":8},"b":{"0":[6],"1":[0,0,8]},"_coverageSchema":"332fd63041d2c1bcb487cc26dd0d5f7d97098a6c","hash":"4d6af7dde923d17358733de1eca1ed1fce5f90c6"}
,"d:\\development\\js\\react-native\\react-native-sample-app\\app\\containers\\settings\\Settings.react.js": {"path":"d:\\development\\js\\react-native\\react-native-sample-app\\app\\containers\\settings\\Settings.react.js","statementMap":{"0":{"start":{"line":12,"column":15},"end":{"line":19,"column":2}},"1":{"start":{"line":21,"column":18},"end":{"line":25,"column":1}},"2":{"start":{"line":27,"column":21},"end":{"line":29,"column":1}},"3":{"start":{"line":33,"column":4},"end":{"line":33,"column":17}},"4":{"start":{"line":34,"column":4},"end":{"line":34,"column":43}},"5":{"start":{"line":38,"column":4},"end":{"line":38,"column":46}},"6":{"start":{"line":42,"column":28},"end":{"line":42,"column":38}},"7":{"start":{"line":43,"column":4},"end":{"line":47,"column":6}},"8":{"start":{"line":51,"column":0},"end":{"line":51,"column":31}},"9":{"start":{"line":52,"column":0},"end":{"line":52,"column":37}},"10":{"start":{"line":54,"column":21},"end":{"line":56,"column":2}},"11":{"start":{"line":54,"column":31},"end":{"line":56,"column":1}},"12":{"start":{"line":58,"column":24},"end":{"line":62,"column":1}},"13":{"start":{"line":59,"column":2},"end":{"line":61,"column":14}}},"fnMap":{"0":{"name":"(anonymous_0)","decl":{"start":{"line":32,"column":2},"end":{"line":32,"column":3}},"loc":{"start":{"line":32,"column":21},"end":{"line":35,"column":3}}},"1":{"name":"(anonymous_1)","decl":{"start":{"line":37,"column":2},"end":{"line":37,"column":3}},"loc":{"start":{"line":37,"column":12},"end":{"line":39,"column":3}}},"2":{"name":"(anonymous_2)","decl":{"start":{"line":41,"column":2},"end":{"line":41,"column":3}},"loc":{"start":{"line":41,"column":11},"end":{"line":48,"column":3}}},"3":{"name":"(anonymous_3)","decl":{"start":{"line":54,"column":21},"end":{"line":54,"column":22}},"loc":{"start":{"line":54,"column":31},"end":{"line":56,"column":1}}},"4":{"name":"(anonymous_4)","decl":{"start":{"line":58,"column":24},"end":{"line":58,"column":25}},"loc":{"start":{"line":59,"column":2},"end":{"line":61,"column":14}}}},"branchMap":{},"s":{"0":3,"1":3,"2":3,"3":1,"4":1,"5":0,"6":1,"7":1,"8":3,"9":3,"10":3,"11":0,"12":3,"13":0},"f":{"0":1,"1":0,"2":1,"3":0,"4":0},"b":{},"_coverageSchema":"332fd63041d2c1bcb487cc26dd0d5f7d97098a6c","hash":"53aff06c7a6153d6e695f0beadeec1c2492de086"}
,"d:\\development\\js\\react-native\\react-native-sample-app\\app\\containers\\settings\\actions.js": {"path":"d:\\development\\js\\react-native\\react-native-sample-app\\app\\containers\\settings\\actions.js","statementMap":{"0":{"start":{"line":1,"column":24},"end":{"line":5,"column":4}},"1":{"start":{"line":1,"column":33},"end":{"line":5,"column":4}},"2":{"start":{"line":2,"column":2},"end":{"line":5,"column":4}},"3":{"start":{"line":7,"column":42},"end":{"line":11,"column":4}},"4":{"start":{"line":8,"column":3},"end":{"line":11,"column":3}}},"fnMap":{"0":{"name":"(anonymous_0)","decl":{"start":{"line":1,"column":24},"end":{"line":1,"column":25}},"loc":{"start":{"line":1,"column":33},"end":{"line":5,"column":4}}},"1":{"name":"(anonymous_1)","decl":{"start":{"line":1,"column":33},"end":{"line":1,"column":34}},"loc":{"start":{"line":2,"column":2},"end":{"line":5,"column":4}}},"2":{"name":"(anonymous_2)","decl":{"start":{"line":7,"column":42},"end":{"line":7,"column":43}},"loc":{"start":{"line":8,"column":3},"end":{"line":11,"column":3}}}},"branchMap":{},"s":{"0":3,"1":0,"2":0,"3":3,"4":0},"f":{"0":0,"1":0,"2":0},"b":{},"_coverageSchema":"332fd63041d2c1bcb487cc26dd0d5f7d97098a6c","hash":"7ef93f511c2cedf397c688aa8af6987c6cdbce16"}
,"d:\\development\\js\\react-native\\react-native-sample-app\\app\\containers\\settings\\reducer.js": {"path":"d:\\development\\js\\react-native\\react-native-sample-app\\app\\containers\\settings\\reducer.js","statementMap":{"0":{"start":{"line":3,"column":21},"end":{"line":5,"column":2}},"1":{"start":{"line":7,"column":21},"end":{"line":7,"column":39}},"2":{"start":{"line":10,"column":2},"end":{"line":15,"column":3}},"3":{"start":{"line":12,"column":6},"end":{"line":12,"column":46}},"4":{"start":{"line":14,"column":6},"end":{"line":14,"column":19}}},"fnMap":{"0":{"name":"(anonymous_0)","decl":{"start":{"line":9,"column":15},"end":{"line":9,"column":16}},"loc":{"start":{"line":9,"column":49},"end":{"line":16,"column":1}}}},"branchMap":{"0":{"loc":{"start":{"line":9,"column":16},"end":{"line":9,"column":36}},"type":"default-arg","locations":[{"start":{"line":9,"column":24},"end":{"line":9,"column":36}}]},"1":{"loc":{"start":{"line":10,"column":2},"end":{"line":15,"column":3}},"type":"switch","locations":[{"start":{"line":11,"column":4},"end":{"line":12,"column":46}},{"start":{"line":13,"column":4},"end":{"line":14,"column":19}}]}},"s":{"0":2,"1":2,"2":8,"3":0,"4":8},"f":{"0":8},"b":{"0":[6],"1":[0,8]},"_coverageSchema":"332fd63041d2c1bcb487cc26dd0d5f7d97098a6c","hash":"d0feb97cd38866b080a1e9316ca4bdbdac756af9"}
,"d:\\development\\js\\react-native\\react-native-sample-app\\app\\containers\\splashscreen\\SplashScreen.react.js": {"path":"d:\\development\\js\\react-native\\react-native-sample-app\\app\\containers\\splashscreen\\SplashScreen.react.js","statementMap":{"0":{"start":{"line":15,"column":15},"end":{"line":29,"column":2}},"1":{"start":{"line":31,"column":18},"end":{"line":34,"column":1}},"2":{"start":{"line":36,"column":21},"end":{"line":38,"column":1}},"3":{"start":{"line":42,"column":4},"end":{"line":49,"column":13}},"4":{"start":{"line":43,"column":6},"end":{"line":48,"column":9}},"5":{"start":{"line":44,"column":8},"end":{"line":44,"column":52}},"6":{"start":{"line":44,"column":20},"end":{"line":44,"column":52}},"7":{"start":{"line":45,"column":8},"end":{"line":47,"column":11}},"8":{"start":{"line":46,"column":10},"end":{"line":46,"column":31}},"9":{"start":{"line":53,"column":25},"end":{"line":53,"column":35}},"10":{"start":{"line":54,"column":4},"end":{"line":62,"column":6}},"11":{"start":{"line":66,"column":0},"end":{"line":66,"column":35}},"12":{"start":{"line":67,"column":0},"end":{"line":67,"column":41}},"13":{"start":{"line":69,"column":21},"end":{"line":71,"column":2}},"14":{"start":{"line":69,"column":31},"end":{"line":71,"column":1}},"15":{"start":{"line":73,"column":24},"end":{"line":77,"column":1}},"16":{"start":{"line":74,"column":2},"end":{"line":76,"column":14}}},"fnMap":{"0":{"name":"(anonymous_0)","decl":{"start":{"line":41,"column":2},"end":{"line":41,"column":3}},"loc":{"start":{"line":41,"column":22},"end":{"line":50,"column":3}}},"1":{"name":"(anonymous_1)","decl":{"start":{"line":42,"column":15},"end":{"line":42,"column":16}},"loc":{"start":{"line":42,"column":21},"end":{"line":49,"column":5}}},"2":{"name":"(anonymous_2)","decl":{"start":{"line":43,"column":45},"end":{"line":43,"column":46}},"loc":{"start":{"line":43,"column":56},"end":{"line":48,"column":7}}},"3":{"name":"(anonymous_3)","decl":{"start":{"line":45,"column":48},"end":{"line":45,"column":49}},"loc":{"start":{"line":45,"column":54},"end":{"line":47,"column":9}}},"4":{"name":"(anonymous_4)","decl":{"start":{"line":52,"column":2},"end":{"line":52,"column":3}},"loc":{"start":{"line":52,"column":11},"end":{"line":63,"column":3}}},"5":{"name":"(anonymous_5)","decl":{"start":{"line":69,"column":21},"end":{"line":69,"column":22}},"loc":{"start":{"line":69,"column":31},"end":{"line":71,"column":1}}},"6":{"name":"(anonymous_6)","decl":{"start":{"line":73,"column":24},"end":{"line":73,"column":25}},"loc":{"start":{"line":74,"column":2},"end":{"line":76,"column":14}}}},"branchMap":{"0":{"loc":{"start":{"line":44,"column":8},"end":{"line":44,"column":52}},"type":"if","locations":[{"start":{"line":44,"column":8},"end":{"line":44,"column":52}},{"start":{"line":44,"column":8},"end":{"line":44,"column":52}}]}},"s":{"0":3,"1":3,"2":3,"3":3,"4":0,"5":0,"6":0,"7":0,"8":0,"9":3,"10":3,"11":3,"12":3,"13":3,"14":4,"15":3,"16":2},"f":{"0":3,"1":0,"2":0,"3":0,"4":3,"5":4,"6":2},"b":{"0":[0,0]},"_coverageSchema":"332fd63041d2c1bcb487cc26dd0d5f7d97098a6c","hash":"0a9dd2dc42242c9f94e8b08c2968c21a5d11de26"}
,"d:\\development\\js\\react-native\\react-native-sample-app\\app\\redux\\configureStore.js": {"path":"d:\\development\\js\\react-native\\react-native-sample-app\\app\\redux\\configureStore.js","statementMap":{"0":{"start":{"line":10,"column":15},"end":{"line":10,"column":29}},"1":{"start":{"line":11,"column":19},"end":{"line":11,"column":65}},"2":{"start":{"line":13,"column":23},"end":{"line":16,"column":1}},"3":{"start":{"line":14,"column":16},"end":{"line":14,"column":95}},"4":{"start":{"line":15,"column":2},"end":{"line":15,"column":15}}},"fnMap":{"0":{"name":"(anonymous_0)","decl":{"start":{"line":13,"column":23},"end":{"line":13,"column":24}},"loc":{"start":{"line":13,"column":53},"end":{"line":16,"column":1}}}},"branchMap":{"0":{"loc":{"start":{"line":13,"column":24},"end":{"line":13,"column":48}},"type":"default-arg","locations":[{"start":{"line":13,"column":39},"end":{"line":13,"column":48}}]}},"s":{"0":2,"1":2,"2":2,"3":2,"4":2},"f":{"0":2},"b":{"0":[2]},"_coverageSchema":"332fd63041d2c1bcb487cc26dd0d5f7d97098a6c","hash":"7569bf5ecd11e174256dc68767417080debcd804"}
,"d:\\development\\js\\react-native\\react-native-sample-app\\app\\redux\\rootReducer.js": {"path":"d:\\development\\js\\react-native\\react-native-sample-app\\app\\redux\\rootReducer.js","statementMap":{},"fnMap":{},"branchMap":{},"s":{},"f":{},"b":{},"_coverageSchema":"332fd63041d2c1bcb487cc26dd0d5f7d97098a6c","hash":"e757b802c58a6773c3de987179d063bb088098e0"}
,"d:\\development\\js\\react-native\\react-native-sample-app\\app\\redux\\middleware\\apiCall.js": {"path":"d:\\development\\js\\react-native\\react-native-sample-app\\app\\redux\\middleware\\apiCall.js","statementMap":{"0":{"start":{"line":4,"column":24},"end":{"line":4,"column":34}},"1":{"start":{"line":7,"column":19},"end":{"line":14,"column":4}},"2":{"start":{"line":15,"column":15},"end":{"line":15,"column":36}},"3":{"start":{"line":16,"column":2},"end":{"line":18,"column":3}},"4":{"start":{"line":17,"column":4},"end":{"line":17,"column":15}},"5":{"start":{"line":19,"column":2},"end":{"line":19,"column":14}},"6":{"start":{"line":23,"column":24},"end":{"line":36,"column":1}},"7":{"start":{"line":23,"column":32},"end":{"line":36,"column":1}},"8":{"start":{"line":24,"column":24},"end":{"line":24,"column":40}},"9":{"start":{"line":25,"column":2},"end":{"line":27,"column":3}},"10":{"start":{"line":26,"column":4},"end":{"line":26,"column":24}},"11":{"start":{"line":28,"column":53},"end":{"line":28,"column":66}},"12":{"start":{"line":29,"column":48},"end":{"line":29,"column":53}},"13":{"start":{"line":30,"column":2},"end":{"line":30,"column":38}},"14":{"start":{"line":31,"column":2},"end":{"line":35,"column":6}},"15":{"start":{"line":33,"column":18},"end":{"line":33,"column":64}},"16":{"start":{"line":34,"column":15},"end":{"line":34,"column":69}}},"fnMap":{"0":{"name":"apiCall","decl":{"start":{"line":6,"column":15},"end":{"line":6,"column":22}},"loc":{"start":{"line":6,"column":77},"end":{"line":20,"column":1}}},"1":{"name":"(anonymous_1)","decl":{"start":{"line":23,"column":15},"end":{"line":23,"column":16}},"loc":{"start":{"line":23,"column":24},"end":{"line":36,"column":1}}},"2":{"name":"(anonymous_2)","decl":{"start":{"line":23,"column":24},"end":{"line":23,"column":25}},"loc":{"start":{"line":23,"column":32},"end":{"line":36,"column":1}}},"3":{"name":"(anonymous_3)","decl":{"start":{"line":23,"column":32},"end":{"line":23,"column":33}},"loc":{"start":{"line":23,"column":44},"end":{"line":36,"column":1}}},"4":{"name":"(anonymous_4)","decl":{"start":{"line":33,"column":6},"end":{"line":33,"column":7}},"loc":{"start":{"line":33,"column":18},"end":{"line":33,"column":64}}},"5":{"name":"(anonymous_5)","decl":{"start":{"line":34,"column":6},"end":{"line":34,"column":7}},"loc":{"start":{"line":34,"column":15},"end":{"line":34,"column":69}}}},"branchMap":{"0":{"loc":{"start":{"line":6,"column":43},"end":{"line":6,"column":75}},"type":"default-arg","locations":[{"start":{"line":6,"column":57},"end":{"line":6,"column":75}}]},"1":{"loc":{"start":{"line":16,"column":2},"end":{"line":18,"column":3}},"type":"if","locations":[{"start":{"line":16,"column":2},"end":{"line":18,"column":3}},{"start":{"line":16,"column":2},"end":{"line":18,"column":3}}]},"2":{"loc":{"start":{"line":25,"column":2},"end":{"line":27,"column":3}},"type":"if","locations":[{"start":{"line":25,"column":2},"end":{"line":27,"column":3}},{"start":{"line":25,"column":2},"end":{"line":27,"column":3}}]}},"s":{"0":6,"1":0,"2":0,"3":0,"4":0,"5":0,"6":2,"7":2,"8":2,"9":2,"10":2,"11":0,"12":0,"13":0,"14":0,"15":0,"16":0},"f":{"0":0,"1":2,"2":2,"3":2,"4":0,"5":0},"b":{"0":[0],"1":[0,0],"2":[2,0]},"_coverageSchema":"332fd63041d2c1bcb487cc26dd0d5f7d97098a6c","hash":"e4a598337b0f3158e2413b8c33972d9c7dc4cad0"}
,"d:\\development\\js\\react-native\\react-native-sample-app\\app\\redux\\middleware\\authenticatedApiCall.js": {"path":"d:\\development\\js\\react-native\\react-native-sample-app\\app\\redux\\middleware\\authenticatedApiCall.js","statementMap":{"0":{"start":{"line":4,"column":29},"end":{"line":4,"column":53}},"1":{"start":{"line":7,"column":16},"end":{"line":7,"column":63}},"2":{"start":{"line":8,"column":2},"end":{"line":10,"column":3}},"3":{"start":{"line":9,"column":4},"end":{"line":9,"column":54}},"4":{"start":{"line":11,"column":19},"end":{"line":19,"column":4}},"5":{"start":{"line":20,"column":15},"end":{"line":20,"column":36}},"6":{"start":{"line":21,"column":2},"end":{"line":23,"column":3}},"7":{"start":{"line":22,"column":4},"end":{"line":22,"column":15}},"8":{"start":{"line":24,"column":2},"end":{"line":24,"column":14}},"9":{"start":{"line":28,"column":24},"end":{"line":41,"column":1}},"10":{"start":{"line":28,"column":32},"end":{"line":41,"column":1}},"11":{"start":{"line":29,"column":37},"end":{"line":29,"column":58}},"12":{"start":{"line":30,"column":2},"end":{"line":32,"column":3}},"13":{"start":{"line":31,"column":4},"end":{"line":31,"column":24}},"14":{"start":{"line":33,"column":53},"end":{"line":33,"column":79}},"15":{"start":{"line":34,"column":48},"end":{"line":34,"column":53}},"16":{"start":{"line":35,"column":2},"end":{"line":35,"column":38}},"17":{"start":{"line":36,"column":2},"end":{"line":40,"column":6}},"18":{"start":{"line":38,"column":18},"end":{"line":38,"column":64}},"19":{"start":{"line":39,"column":15},"end":{"line":39,"column":69}}},"fnMap":{"0":{"name":"authenticatedApiCall","decl":{"start":{"line":6,"column":15},"end":{"line":6,"column":35}},"loc":{"start":{"line":6,"column":90},"end":{"line":25,"column":1}}},"1":{"name":"(anonymous_1)","decl":{"start":{"line":28,"column":15},"end":{"line":28,"column":16}},"loc":{"start":{"line":28,"column":24},"end":{"line":41,"column":1}}},"2":{"name":"(anonymous_2)","decl":{"start":{"line":28,"column":24},"end":{"line":28,"column":25}},"loc":{"start":{"line":28,"column":32},"end":{"line":41,"column":1}}},"3":{"name":"(anonymous_3)","decl":{"start":{"line":28,"column":32},"end":{"line":28,"column":33}},"loc":{"start":{"line":28,"column":44},"end":{"line":41,"column":1}}},"4":{"name":"(anonymous_4)","decl":{"start":{"line":38,"column":6},"end":{"line":38,"column":7}},"loc":{"start":{"line":38,"column":18},"end":{"line":38,"column":64}}},"5":{"name":"(anonymous_5)","decl":{"start":{"line":39,"column":6},"end":{"line":39,"column":7}},"loc":{"start":{"line":39,"column":15},"end":{"line":39,"column":69}}}},"branchMap":{"0":{"loc":{"start":{"line":6,"column":56},"end":{"line":6,"column":88}},"type":"default-arg","locations":[{"start":{"line":6,"column":70},"end":{"line":6,"column":88}}]},"1":{"loc":{"start":{"line":7,"column":16},"end":{"line":7,"column":63}},"type":"binary-expr","locations":[{"start":{"line":7,"column":16},"end":{"line":7,"column":55}},{"start":{"line":7,"column":59},"end":{"line":7,"column":63}}]},"2":{"loc":{"start":{"line":8,"column":2},"end":{"line":10,"column":3}},"type":"if","locations":[{"start":{"line":8,"column":2},"end":{"line":10,"column":3}},{"start":{"line":8,"column":2},"end":{"line":10,"column":3}}]},"3":{"loc":{"start":{"line":21,"column":2},"end":{"line":23,"column":3}},"type":"if","locations":[{"start":{"line":21,"column":2},"end":{"line":23,"column":3}},{"start":{"line":21,"column":2},"end":{"line":23,"column":3}}]},"4":{"loc":{"start":{"line":30,"column":2},"end":{"line":32,"column":3}},"type":"if","locations":[{"start":{"line":30,"column":2},"end":{"line":32,"column":3}},{"start":{"line":30,"column":2},"end":{"line":32,"column":3}}]}},"s":{"0":6,"1":0,"2":0,"3":0,"4":0,"5":0,"6":0,"7":0,"8":0,"9":2,"10":2,"11":2,"12":2,"13":2,"14":0,"15":0,"16":0,"17":0,"18":0,"19":0},"f":{"0":0,"1":2,"2":2,"3":2,"4":0,"5":0},"b":{"0":[0],"1":[0,0],"2":[0,0],"3":[0,0],"4":[2,0]},"_coverageSchema":"332fd63041d2c1bcb487cc26dd0d5f7d97098a6c","hash":"7291715bf88ec9941d6eddaa0ded8081a92d253e"}
,"d:\\development\\js\\react-native\\react-native-sample-app\\app\\redux\\reducers\\flagsReducer.js": {"path":"d:\\development\\js\\react-native\\react-native-sample-app\\app\\redux\\reducers\\flagsReducer.js","statementMap":{"0":{"start":{"line":4,"column":21},"end":{"line":13,"column":2}},"1":{"start":{"line":15,"column":21},"end":{"line":15,"column":39}},"2":{"start":{"line":18,"column":2},"end":{"line":36,"column":3}},"3":{"start":{"line":21,"column":6},"end":{"line":22,"column":55}},"4":{"start":{"line":24,"column":6},"end":{"line":24,"column":73}},"5":{"start":{"line":26,"column":6},"end":{"line":27,"column":65}},"6":{"start":{"line":30,"column":6},"end":{"line":30,"column":77}},"7":{"start":{"line":33,"column":6},"end":{"line":33,"column":92}},"8":{"start":{"line":35,"column":6},"end":{"line":35,"column":19}}},"fnMap":{"0":{"name":"(anonymous_0)","decl":{"start":{"line":17,"column":15},"end":{"line":17,"column":16}},"loc":{"start":{"line":17,"column":49},"end":{"line":37,"column":1}}}},"branchMap":{"0":{"loc":{"start":{"line":17,"column":16},"end":{"line":17,"column":36}},"type":"default-arg","locations":[{"start":{"line":17,"column":24},"end":{"line":17,"column":36}}]},"1":{"loc":{"start":{"line":18,"column":2},"end":{"line":36,"column":3}},"type":"switch","locations":[{"start":{"line":20,"column":4},"end":{"line":22,"column":55}},{"start":{"line":23,"column":4},"end":{"line":24,"column":73}},{"start":{"line":25,"column":4},"end":{"line":27,"column":65}},{"start":{"line":29,"column":4},"end":{"line":30,"column":77}},{"start":{"line":31,"column":4},"end":{"line":31,"column":28}},{"start":{"line":32,"column":4},"end":{"line":33,"column":92}},{"start":{"line":34,"column":4},"end":{"line":35,"column":19}}]}},"s":{"0":2,"1":2,"2":8,"3":0,"4":0,"5":0,"6":0,"7":0,"8":8},"f":{"0":8},"b":{"0":[6],"1":[0,0,0,0,0,0,8]},"_coverageSchema":"332fd63041d2c1bcb487cc26dd0d5f7d97098a6c","hash":"d66c9a61a9c5ae1530371b51a6e7da164974e33f"}
,"d:\\development\\js\\react-native\\react-native-sample-app\\app\\redux\\reducers\\routesReducer.js": {"path":"d:\\development\\js\\react-native\\react-native-sample-app\\app\\redux\\reducers\\routesReducer.js","statementMap":{"0":{"start":{"line":3,"column":21},"end":{"line":5,"column":1}},"1":{"start":{"line":8,"column":2},"end":{"line":20,"column":3}},"2":{"start":{"line":11,"column":6},"end":{"line":14,"column":8}},"3":{"start":{"line":19,"column":6},"end":{"line":19,"column":19}}},"fnMap":{"0":{"name":"reducer","decl":{"start":{"line":7,"column":24},"end":{"line":7,"column":31}},"loc":{"start":{"line":7,"column":67},"end":{"line":21,"column":1}}}},"branchMap":{"0":{"loc":{"start":{"line":7,"column":32},"end":{"line":7,"column":52}},"type":"default-arg","locations":[{"start":{"line":7,"column":40},"end":{"line":7,"column":52}}]},"1":{"loc":{"start":{"line":7,"column":54},"end":{"line":7,"column":65}},"type":"default-arg","locations":[{"start":{"line":7,"column":63},"end":{"line":7,"column":65}}]},"2":{"loc":{"start":{"line":8,"column":2},"end":{"line":20,"column":3}},"type":"switch","locations":[{"start":{"line":10,"column":4},"end":{"line":14,"column":8}},{"start":{"line":18,"column":4},"end":{"line":19,"column":19}}]}},"s":{"0":2,"1":8,"2":2,"3":6},"f":{"0":8},"b":{"0":[6],"1":[0],"2":[2,6]},"_coverageSchema":"332fd63041d2c1bcb487cc26dd0d5f7d97098a6c","hash":"c5f945086da5b4a2d703ac80fa0dda794fb01ed3"}
}
