TN:
SF:d:\development\js\react-native\react-native-sample-app\app\AppRoot.react.js
FN:14,(anonymous_0)
FN:16,(anonymous_1)
FN:19,(anonymous_2)
FN:23,(anonymous_3)
FNF:4
FNH:2
FNDA:2,(anonymous_0)
FNDA:0,(anonymous_1)
FNDA:2,(anonymous_2)
FNDA:0,(anonymous_3)
DA:7,2
DA:15,2
DA:16,2
DA:20,2
DA:24,0
DA:25,0
DA:26,0
LF:7
LH:4
BRDA:25,0,0,0
BRDA:25,0,1,0
BRDA:25,1,0,0
BRDA:25,1,1,0
BRF:4
BRH:0
end_of_record
TN:
SF:d:\development\js\react-native\react-native-sample-app\app\index.js
FN:12,(anonymous_0)
FN:19,(anonymous_1)
FNF:2
FNH:2
FNDA:1,(anonymous_0)
FNDA:1,(anonymous_1)
DA:9,1
DA:13,1
DA:14,1
DA:15,0
DA:20,1
LF:5
LH:4
BRDA:14,0,0,0
BRDA:14,0,1,1
BRF:2
BRH:1
end_of_record
TN:
SF:d:\development\js\react-native\react-native-sample-app\app\scenes.js
FNF:0
FNH:0
DA:12,2
LF:1
LH:1
BRF:0
BRH:0
end_of_record
TN:
SF:d:\development\js\react-native\react-native-sample-app\app\urls.js
FNF:0
FNH:0
DA:1,6
DA:2,6
LF:2
LH:2
BRF:0
BRH:0
end_of_record
TN:
SF:d:\development\js\react-native\react-native-sample-app\app\components\Button.react.js
FN:33,(anonymous_0)
FNF:1
FNH:1
FNDA:7,(anonymous_0)
DA:10,6
DA:18,6
DA:33,6
DA:34,7
DA:45,6
LF:5
LH:5
BRDA:37,0,0,6
BRDA:37,0,1,1
BRF:2
BRH:2
end_of_record
TN:
SF:d:\development\js\react-native\react-native-sample-app\app\components\InputField.react.js
FN:40,(anonymous_0)
FNF:1
FNH:1
FNDA:6,(anonymous_0)
DA:6,4
DA:14,4
DA:40,4
DA:41,6
DA:42,6
DA:60,4
LF:6
LH:6
BRDA:41,0,0,1
BRDA:41,0,1,5
BRDA:41,1,0,6
BRDA:41,1,1,1
BRF:4
BRH:4
end_of_record
TN:
SF:d:\development\js\react-native\react-native-sample-app\app\components\TabIcon.react.js
FN:25,(anonymous_0)
FNF:1
FNH:1
FNDA:2,(anonymous_0)
DA:8,3
DA:13,3
DA:25,3
DA:26,2
DA:31,3
LF:5
LH:5
BRDA:26,0,0,1
BRDA:26,0,1,1
BRDA:27,1,0,1
BRDA:27,1,1,1
BRF:4
BRH:4
end_of_record
TN:
SF:d:\development\js\react-native\react-native-sample-app\app\components\forms\LoginForm.react.js
FN:52,(anonymous_0)
FN:62,(anonymous_1)
FN:73,(anonymous_2)
FN:87,(anonymous_3)
FN:91,(anonymous_4)
FN:122,(anonymous_5)
FNF:6
FNH:4
FNDA:2,(anonymous_0)
FNDA:2,(anonymous_1)
FNDA:0,(anonymous_2)
FNDA:0,(anonymous_3)
FNDA:2,(anonymous_4)
FNDA:2,(anonymous_5)
DA:17,3
DA:24,3
DA:52,3
DA:53,2
DA:62,3
DA:63,2
DA:73,3
DA:74,0
DA:75,0
DA:76,0
DA:77,0
DA:78,0
DA:79,0
DA:82,0
DA:88,0
DA:92,2
DA:93,2
DA:120,3
DA:122,3
DA:123,2
DA:124,2
DA:125,2
DA:126,2
LF:23
LH:15
BRDA:59,0,0,0
BRDA:59,0,1,2
BRDA:59,1,0,2
BRDA:59,1,1,0
BRDA:70,2,0,0
BRDA:70,2,1,2
BRDA:70,3,0,2
BRDA:70,3,1,0
BRDA:76,4,0,0
BRDA:76,4,1,0
BRDA:112,5,0,0
BRDA:112,5,1,2
BRDA:112,6,0,2
BRDA:112,6,1,0
BRDA:124,7,0,2
BRDA:124,7,1,0
BRDA:125,8,0,2
BRDA:125,8,1,0
BRF:18
BRH:8
end_of_record
TN:
SF:d:\development\js\react-native\react-native-sample-app\app\containers\authentication\actions.js
FN:5,(anonymous_0)
FN:5,(anonymous_1)
FN:15,(anonymous_2)
FN:15,(anonymous_3)
FN:20,(anonymous_4)
FN:20,(anonymous_5)
FNF:6
FNH:0
FNDA:0,(anonymous_0)
FNDA:0,(anonymous_1)
FNDA:0,(anonymous_2)
FNDA:0,(anonymous_3)
FNDA:0,(anonymous_4)
FNDA:0,(anonymous_5)
DA:5,6
DA:6,0
DA:15,6
DA:16,0
DA:20,6
DA:21,0
LF:6
LH:3
BRDA:20,0,0,0
BRF:1
BRH:0
end_of_record
TN:
SF:d:\development\js\react-native\react-native-sample-app\app\containers\authentication\constants.js
FNF:0
FNH:0
DA:1,6
DA:2,6
DA:3,6
DA:5,6
DA:6,6
DA:7,6
LF:6
LH:6
BRF:0
BRH:0
end_of_record
TN:
SF:d:\development\js\react-native\react-native-sample-app\app\containers\authentication\reducer.js
FN:8,(anonymous_0)
FNF:1
FNH:1
FNDA:8,(anonymous_0)
DA:3,2
DA:6,2
DA:9,8
DA:11,8
LF:4
LH:4
BRDA:8,0,0,6
BRDA:9,1,0,8
BRF:2
BRH:2
end_of_record
TN:
SF:d:\development\js\react-native\react-native-sample-app\app\containers\authentication\login\Login.react.js
FN:37,(anonymous_0)
FN:41,(anonymous_1)
FN:54,(anonymous_2)
FN:58,(anonymous_3)
FNF:4
FNH:1
FNDA:0,(anonymous_0)
FNDA:1,(anonymous_1)
FNDA:0,(anonymous_2)
FNDA:0,(anonymous_3)
DA:15,3
DA:29,3
DA:32,3
DA:38,0
DA:42,1
DA:51,3
DA:52,3
DA:54,3
DA:58,3
DA:59,0
LF:10
LH:8
BRF:0
BRH:0
end_of_record
TN:
SF:d:\development\js\react-native\react-native-sample-app\app\containers\home\Home.react.js
FN:47,(anonymous_0)
FN:52,(anonymous_1)
FN:56,(anonymous_2)
FN:75,(anonymous_3)
FN:79,(anonymous_4)
FNF:5
FNH:2
FNDA:1,(anonymous_0)
FNDA:0,(anonymous_1)
FNDA:1,(anonymous_2)
FNDA:0,(anonymous_3)
FNDA:0,(anonymous_4)
DA:15,3
DA:36,3
DA:42,3
DA:48,1
DA:49,1
DA:53,0
DA:57,1
DA:58,1
DA:72,3
DA:73,3
DA:75,3
DA:79,3
DA:80,0
LF:13
LH:11
BRF:0
BRH:0
end_of_record
TN:
SF:d:\development\js\react-native\react-native-sample-app\app\containers\home\actions.js
FN:1,(anonymous_0)
FN:1,(anonymous_1)
FN:7,(anonymous_2)
FNF:3
FNH:0
FNDA:0,(anonymous_0)
FNDA:0,(anonymous_1)
FNDA:0,(anonymous_2)
DA:1,3
DA:2,0
DA:7,3
DA:8,0
LF:4
LH:2
BRF:0
BRH:0
end_of_record
TN:
SF:d:\development\js\react-native\react-native-sample-app\app\containers\home\reducer.js
FN:9,(anonymous_0)
FNF:1
FNH:1
FNDA:8,(anonymous_0)
DA:3,2
DA:7,2
DA:10,8
DA:12,0
DA:14,8
LF:5
LH:4
BRDA:9,0,0,6
BRDA:10,1,0,0
BRDA:10,1,1,8
BRF:3
BRH:2
end_of_record
TN:
SF:d:\development\js\react-native\react-native-sample-app\app\containers\profile\Profile.react.js
FN:53,(anonymous_0)
FN:59,(anonymous_1)
FN:63,(anonymous_2)
FN:70,(anonymous_3)
FN:95,(anonymous_4)
FN:99,(anonymous_5)
FNF:6
FNH:2
FNDA:1,(anonymous_0)
FNDA:0,(anonymous_1)
FNDA:0,(anonymous_2)
FNDA:1,(anonymous_3)
FNDA:0,(anonymous_4)
FNDA:0,(anonymous_5)
DA:17,3
DA:41,3
DA:48,3
DA:54,1
DA:55,1
DA:56,1
DA:60,0
DA:64,0
DA:65,0
DA:66,0
DA:67,0
DA:71,1
DA:72,1
DA:92,3
DA:93,3
DA:95,3
DA:99,3
DA:100,0
LF:18
LH:12
BRF:0
BRH:0
end_of_record
TN:
SF:d:\development\js\react-native\react-native-sample-app\app\containers\profile\actions.js
FN:1,(anonymous_0)
FN:1,(anonymous_1)
FN:7,(anonymous_2)
FNF:3
FNH:0
FNDA:0,(anonymous_0)
FNDA:0,(anonymous_1)
FNDA:0,(anonymous_2)
DA:1,3
DA:2,0
DA:7,3
DA:8,0
LF:4
LH:2
BRF:0
BRH:0
end_of_record
TN:
SF:d:\development\js\react-native\react-native-sample-app\app\containers\profile\reducer.js
FN:12,(anonymous_0)
FNF:1
FNH:1
FNDA:8,(anonymous_0)
DA:4,2
DA:10,2
DA:13,8
DA:15,0
DA:17,0
DA:19,8
LF:6
LH:4
BRDA:12,0,0,6
BRDA:13,1,0,0
BRDA:13,1,1,0
BRDA:13,1,2,8
BRF:4
BRH:2
end_of_record
TN:
SF:d:\development\js\react-native\react-native-sample-app\app\containers\settings\Settings.react.js
FN:32,(anonymous_0)
FN:37,(anonymous_1)
FN:41,(anonymous_2)
FN:54,(anonymous_3)
FN:58,(anonymous_4)
FNF:5
FNH:2
FNDA:1,(anonymous_0)
FNDA:0,(anonymous_1)
FNDA:1,(anonymous_2)
FNDA:0,(anonymous_3)
FNDA:0,(anonymous_4)
DA:12,3
DA:21,3
DA:27,3
DA:33,1
DA:34,1
DA:38,0
DA:42,1
DA:43,1
DA:51,3
DA:52,3
DA:54,3
DA:58,3
DA:59,0
LF:13
LH:11
BRF:0
BRH:0
end_of_record
TN:
SF:d:\development\js\react-native\react-native-sample-app\app\containers\settings\actions.js
FN:1,(anonymous_0)
FN:1,(anonymous_1)
FN:7,(anonymous_2)
FNF:3
FNH:0
FNDA:0,(anonymous_0)
FNDA:0,(anonymous_1)
FNDA:0,(anonymous_2)
DA:1,3
DA:2,0
DA:7,3
DA:8,0
LF:4
LH:2
BRF:0
BRH:0
end_of_record
TN:
SF:d:\development\js\react-native\react-native-sample-app\app\containers\settings\reducer.js
FN:9,(anonymous_0)
FNF:1
FNH:1
FNDA:8,(anonymous_0)
DA:3,2
DA:7,2
DA:10,8
DA:12,0
DA:14,8
LF:5
LH:4
BRDA:9,0,0,6
BRDA:10,1,0,0
BRDA:10,1,1,8
BRF:3
BRH:2
end_of_record
TN:
SF:d:\development\js\react-native\react-native-sample-app\app\containers\splashscreen\SplashScreen.react.js
FN:41,(anonymous_0)
FN:42,(anonymous_1)
FN:43,(anonymous_2)
FN:45,(anonymous_3)
FN:52,(anonymous_4)
FN:69,(anonymous_5)
FN:73,(anonymous_6)
FNF:7
FNH:4
FNDA:3,(anonymous_0)
FNDA:0,(anonymous_1)
FNDA:0,(anonymous_2)
FNDA:0,(anonymous_3)
FNDA:3,(anonymous_4)
FNDA:4,(anonymous_5)
FNDA:2,(anonymous_6)
DA:15,3
DA:31,3
DA:36,3
DA:42,3
DA:43,0
DA:44,0
DA:45,0
DA:46,0
DA:53,3
DA:54,3
DA:66,3
DA:67,3
DA:69,4
DA:73,3
DA:74,2
LF:15
LH:11
BRDA:44,0,0,0
BRDA:44,0,1,0
BRF:2
BRH:0
end_of_record
TN:
SF:d:\development\js\react-native\react-native-sample-app\app\redux\configureStore.js
FN:13,(anonymous_0)
FNF:1
FNH:1
FNDA:2,(anonymous_0)
DA:10,2
DA:11,2
DA:13,2
DA:14,2
DA:15,2
LF:5
LH:5
BRDA:13,0,0,2
BRF:1
BRH:1
end_of_record
TN:
SF:d:\development\js\react-native\react-native-sample-app\app\redux\rootReducer.js
FNF:0
FNH:0
LF:0
LH:0
BRF:0
BRH:0
end_of_record
TN:
SF:d:\development\js\react-native\react-native-sample-app\app\redux\middleware\apiCall.js
FN:6,apiCall
FN:23,(anonymous_1)
FN:23,(anonymous_2)
FN:23,(anonymous_3)
FN:33,(anonymous_4)
FN:34,(anonymous_5)
FNF:6
FNH:3
FNDA:0,apiCall
FNDA:2,(anonymous_1)
FNDA:2,(anonymous_2)
FNDA:2,(anonymous_3)
FNDA:0,(anonymous_4)
FNDA:0,(anonymous_5)
DA:4,6
DA:7,0
DA:15,0
DA:16,0
DA:17,0
DA:19,0
DA:23,2
DA:24,2
DA:25,2
DA:26,2
DA:28,0
DA:29,0
DA:30,0
DA:31,0
DA:33,0
DA:34,0
LF:16
LH:5
BRDA:6,0,0,0
BRDA:16,1,0,0
BRDA:16,1,1,0
BRDA:25,2,0,2
BRDA:25,2,1,0
BRF:5
BRH:1
end_of_record
TN:
SF:d:\development\js\react-native\react-native-sample-app\app\redux\middleware\authenticatedApiCall.js
FN:6,authenticatedApiCall
FN:28,(anonymous_1)
FN:28,(anonymous_2)
FN:28,(anonymous_3)
FN:38,(anonymous_4)
FN:39,(anonymous_5)
FNF:6
FNH:3
FNDA:0,authenticatedApiCall
FNDA:2,(anonymous_1)
FNDA:2,(anonymous_2)
FNDA:2,(anonymous_3)
FNDA:0,(anonymous_4)
FNDA:0,(anonymous_5)
DA:4,6
DA:7,0
DA:8,0
DA:9,0
DA:11,0
DA:20,0
DA:21,0
DA:22,0
DA:24,0
DA:28,2
DA:29,2
DA:30,2
DA:31,2
DA:33,0
DA:34,0
DA:35,0
DA:36,0
DA:38,0
DA:39,0
LF:19
LH:5
BRDA:6,0,0,0
BRDA:7,1,0,0
BRDA:7,1,1,0
BRDA:8,2,0,0
BRDA:8,2,1,0
BRDA:21,3,0,0
BRDA:21,3,1,0
BRDA:30,4,0,2
BRDA:30,4,1,0
BRF:9
BRH:1
end_of_record
TN:
SF:d:\development\js\react-native\react-native-sample-app\app\redux\reducers\flagsReducer.js
FN:17,(anonymous_0)
FNF:1
FNH:1
FNDA:8,(anonymous_0)
DA:4,2
DA:15,2
DA:18,8
DA:21,0
DA:24,0
DA:26,0
DA:30,0
DA:33,0
DA:35,8
LF:9
LH:4
BRDA:17,0,0,6
BRDA:18,1,0,0
BRDA:18,1,1,0
BRDA:18,1,2,0
BRDA:18,1,3,0
BRDA:18,1,4,0
BRDA:18,1,5,0
BRDA:18,1,6,8
BRF:8
BRH:2
end_of_record
TN:
SF:d:\development\js\react-native\react-native-sample-app\app\redux\reducers\routesReducer.js
FN:7,reducer
FNF:1
FNH:1
FNDA:8,reducer
DA:3,2
DA:8,8
DA:11,2
DA:19,6
LF:4
LH:4
BRDA:7,0,0,6
BRDA:7,1,0,0
BRDA:8,2,0,2
BRDA:8,2,1,6
BRF:4
BRH:3
end_of_record
